#
# There is insufficient memory for the Java Runtime Environment to continue.
# Native memory allocation (malloc) failed to allocate 150256 bytes for Chunk::new
# Possible reasons:
#   The system is out of physical RAM or swap space
#   The process is running with CompressedOops enabled, and the Java Heap may be blocking the growth of the native heap
# Possible solutions:
#   Reduce memory load on the system
#   Increase physical memory or swap space
#   Check if swap backing store is full
#   Decrease Java heap size (-Xmx/-Xms)
#   Decrease number of Java threads
#   Decrease Java thread stack sizes (-Xss)
#   Set larger code cache with -XX:ReservedCodeCacheSize=
#   JVM is running with Unscaled Compressed Oops mode in which the Java heap is
#     placed in the first 4GB address space. The Java Heap base address is the
#     maximum limit for the native heap growth. Please use -XX:HeapBaseMinAddress
#     to set the Java Heap base and to place the Java Heap above 4GB virtual address.
# This output file may be truncated or incomplete.
#
#  Out of Memory Error (arena.cpp:168), pid=44684, tid=8176
#
# JRE version: Java(TM) SE Runtime Environment (21.0.4+8) (build 21.0.4+8-LTS-274)
# Java VM: Java HotSpot(TM) 64-Bit Server VM (21.0.4+8-LTS-274, mixed mode, sharing, tiered, compressed oops, compressed class ptrs, g1 gc, windows-amd64)
# No core dump will be written. Minidumps are not enabled by default on client versions of Windows
#

---------------  S U M M A R Y ------------

Command Line: -Dmaven.home=EMBEDDED -Dclassworlds.conf=C:\Users\JAGGA\eclipse-workspace\.metadata\.plugins\org.eclipse.m2e.launching\launches\m2conf7866751941593235281.tmp -Dmaven.multiModuleProjectDirectory=C:\Users\JAGGA\Desktop\Projects\Intergalaxy\Intergalaxy -Dm2e.build.project.data.socket.port=51953 -Dfile.encoding=UTF-8 -Dstdout.encoding=UTF-8 -Dstderr.encoding=UTF-8 -XX:+ShowCodeDetailsInExceptionMessages org.codehaus.plexus.classworlds.launcher.Launcher -B -Dmaven.test.skip=true -DskipTests -Dstyle.color=always clean package install

Host: AMD Ryzen 5 5600H with Radeon Graphics         , 12 cores, 7G,  Windows 11 , 64 bit Build 22621 (10.0.22621.3958)
Time: Sat Sep 14 16:37:19 2024 India Standard Time elapsed time: 0.915181 seconds (0d 0h 0m 0s)

---------------  T H R E A D  ---------------

Current thread (0x0000025a0727e680):  JavaThread "C2 CompilerThread1" daemon [_thread_in_native, id=8176, stack(0x000000b0af000000,0x000000b0af100000) (1024K)]


Current CompileTask:
C2:    915  732   !   4       java.util.jar.JarFile::checkForSpecialAttributes (163 bytes)

Stack: [0x000000b0af000000,0x000000b0af100000]
Native frames: (J=compiled Java code, j=interpreted, Vv=VM code, C=native code)
V  [jvm.dll+0x6c8e59]
V  [jvm.dll+0x853181]
V  [jvm.dll+0x8556ae]
V  [jvm.dll+0x855d83]
V  [jvm.dll+0x27d526]
V  [jvm.dll+0xc4aad]
V  [jvm.dll+0xc4fe3]
V  [jvm.dll+0x3b3fd2]
V  [jvm.dll+0x3809a5]
V  [jvm.dll+0x37fe1a]
V  [jvm.dll+0x246280]
V  [jvm.dll+0x24585f]
V  [jvm.dll+0x1c69de]
V  [jvm.dll+0x254d49]
V  [jvm.dll+0x2532da]
V  [jvm.dll+0x3ed426]
V  [jvm.dll+0x7fd65b]
V  [jvm.dll+0x6c753d]
C  [ucrtbase.dll+0x29333]
C  [KERNEL32.DLL+0x1257d]
C  [ntdll.dll+0x5af28]


---------------  P R O C E S S  ---------------

Threads class SMR info:
_java_thread_list=0x00000259c1c1a890, length=12, elements={
0x00000259a2e98420, 0x00000259c1c13270, 0x00000259c1c14470, 0x00000259c1c1c1f0,
0x00000259c1c1cc50, 0x00000259c1c1e260, 0x00000259c1c1f590, 0x00000259c1c2d260,
0x00000259c1c2e110, 0x0000025a0710c730, 0x0000025a0710cf60, 0x0000025a0727e680
}

Java Threads: ( => current thread )
  0x00000259a2e98420 JavaThread "main"                              [_thread_in_vm, id=40212, stack(0x000000b0ade00000,0x000000b0adf00000) (1024K)]
  0x00000259c1c13270 JavaThread "Reference Handler"          daemon [_thread_blocked, id=46932, stack(0x000000b0ae600000,0x000000b0ae700000) (1024K)]
  0x00000259c1c14470 JavaThread "Finalizer"                  daemon [_thread_blocked, id=6020, stack(0x000000b0ae700000,0x000000b0ae800000) (1024K)]
  0x00000259c1c1c1f0 JavaThread "Signal Dispatcher"          daemon [_thread_blocked, id=45948, stack(0x000000b0ae800000,0x000000b0ae900000) (1024K)]
  0x00000259c1c1cc50 JavaThread "Attach Listener"            daemon [_thread_blocked, id=27872, stack(0x000000b0ae900000,0x000000b0aea00000) (1024K)]
  0x00000259c1c1e260 JavaThread "Service Thread"             daemon [_thread_blocked, id=39668, stack(0x000000b0aea00000,0x000000b0aeb00000) (1024K)]
  0x00000259c1c1f590 JavaThread "Monitor Deflation Thread"   daemon [_thread_blocked, id=6672, stack(0x000000b0aeb00000,0x000000b0aec00000) (1024K)]
  0x00000259c1c2d260 JavaThread "C2 CompilerThread0"         daemon [_thread_blocked, id=29380, stack(0x000000b0aec00000,0x000000b0aed00000) (1024K)]
  0x00000259c1c2e110 JavaThread "C1 CompilerThread0"         daemon [_thread_in_vm, id=46452, stack(0x000000b0aed00000,0x000000b0aee00000) (1024K)]
  0x0000025a0710c730 JavaThread "Notification Thread"        daemon [_thread_blocked, id=36812, stack(0x000000b0aee00000,0x000000b0aef00000) (1024K)]
  0x0000025a0710cf60 JavaThread "Common-Cleaner"             daemon [_thread_blocked, id=7284, stack(0x000000b0aef00000,0x000000b0af000000) (1024K)]
=>0x0000025a0727e680 JavaThread "C2 CompilerThread1"         daemon [_thread_in_native, id=8176, stack(0x000000b0af000000,0x000000b0af100000) (1024K)]
Total: 12

Other Threads:
  0x00000259c1bf5590 VMThread "VM Thread"                           [id=21000, stack(0x000000b0ae500000,0x000000b0ae600000) (1024K)]
  0x00000259c1bde720 WatcherThread "VM Periodic Task Thread"        [id=38272, stack(0x000000b0ae400000,0x000000b0ae500000) (1024K)]
  0x00000259a5128bb0 WorkerThread "GC Thread#0"                     [id=45152, stack(0x000000b0adf00000,0x000000b0ae000000) (1024K)]
  0x00000259a51391e0 ConcurrentGCThread "G1 Main Marker"            [id=29160, stack(0x000000b0ae000000,0x000000b0ae100000) (1024K)]
  0x00000259a5139ce0 WorkerThread "G1 Conc#0"                       [id=40000, stack(0x000000b0ae100000,0x000000b0ae200000) (1024K)]
  0x00000259c1aad550 ConcurrentGCThread "G1 Refine#0"               [id=14340, stack(0x000000b0ae200000,0x000000b0ae300000) (1024K)]
  0x00000259c1aaed80 ConcurrentGCThread "G1 Service"                [id=9416, stack(0x000000b0ae300000,0x000000b0ae400000) (1024K)]
Total: 7

Threads with active compile tasks:
C2 CompilerThread1      972  732   !   4       java.util.jar.JarFile::checkForSpecialAttributes (163 bytes)
Total: 1

VM state: not at safepoint (normal execution)

VM Mutex/Monitor currently owned by a thread: None

Heap address: 0x0000000089800000, size: 1896 MB, Compressed Oops mode: 32-bit

CDS archive(s) mapped at: [0x00000259c2000000-0x00000259c2c90000-0x00000259c2c90000), size 13172736, SharedBaseAddress: 0x00000259c2000000, ArchiveRelocationMode: 1.
Compressed class space mapped at: 0x00000259c3000000-0x0000025a03000000, reserved size: 1073741824
Narrow klass base: 0x00000259c2000000, Narrow klass shift: 0, Narrow klass range: 0x100000000

GC Precious Log:
 CardTable entry size: 512
 Card Set container configuration: InlinePtr #cards 5 size 8 Array Of Cards #cards 12 size 40 Howl #buckets 4 coarsen threshold 1843 Howl Bitmap #cards 512 size 80 coarsen threshold 460 Card regions per heap region 1 cards per card region 2048
 CPUs: 12 total, 12 available
 Memory: 7583M
 Large Page Support: Disabled
 NUMA Support: Disabled
 Compressed Oops: Enabled (32-bit)
 Heap Region Size: 1M
 Heap Min Capacity: 8M
 Heap Initial Capacity: 120M
 Heap Max Capacity: 1896M
 Pre-touch: Disabled
 Parallel Workers: 10
 Concurrent Workers: 3
 Concurrent Refinement Workers: 10
 Periodic GC: Disabled

Heap:
 garbage-first heap   total 122880K, used 12288K [0x0000000089800000, 0x0000000100000000)
  region size 1024K, 13 young (13312K), 0 survivors (0K)
 Metaspace       used 3517K, committed 3712K, reserved 1114112K
  class space    used 361K, committed 448K, reserved 1048576K

Heap Regions: E=young(eden), S=young(survivor), O=old, HS=humongous(starts), HC=humongous(continues), CS=collection set, F=free, TAMS=top-at-mark-start, PB=parsable bottom
|   0|0x0000000089800000, 0x0000000089800000, 0x0000000089900000|  0%| F|  |TAMS 0x0000000089800000| PB 0x0000000089800000| Untracked 
|   1|0x0000000089900000, 0x0000000089900000, 0x0000000089a00000|  0%| F|  |TAMS 0x0000000089900000| PB 0x0000000089900000| Untracked 
|   2|0x0000000089a00000, 0x0000000089a00000, 0x0000000089b00000|  0%| F|  |TAMS 0x0000000089a00000| PB 0x0000000089a00000| Untracked 
|   3|0x0000000089b00000, 0x0000000089b00000, 0x0000000089c00000|  0%| F|  |TAMS 0x0000000089b00000| PB 0x0000000089b00000| Untracked 
|   4|0x0000000089c00000, 0x0000000089c00000, 0x0000000089d00000|  0%| F|  |TAMS 0x0000000089c00000| PB 0x0000000089c00000| Untracked 
|   5|0x0000000089d00000, 0x0000000089d00000, 0x0000000089e00000|  0%| F|  |TAMS 0x0000000089d00000| PB 0x0000000089d00000| Untracked 
|   6|0x0000000089e00000, 0x0000000089e00000, 0x0000000089f00000|  0%| F|  |TAMS 0x0000000089e00000| PB 0x0000000089e00000| Untracked 
|   7|0x0000000089f00000, 0x0000000089f00000, 0x000000008a000000|  0%| F|  |TAMS 0x0000000089f00000| PB 0x0000000089f00000| Untracked 
|   8|0x000000008a000000, 0x000000008a000000, 0x000000008a100000|  0%| F|  |TAMS 0x000000008a000000| PB 0x000000008a000000| Untracked 
|   9|0x000000008a100000, 0x000000008a100000, 0x000000008a200000|  0%| F|  |TAMS 0x000000008a100000| PB 0x000000008a100000| Untracked 
|  10|0x000000008a200000, 0x000000008a200000, 0x000000008a300000|  0%| F|  |TAMS 0x000000008a200000| PB 0x000000008a200000| Untracked 
|  11|0x000000008a300000, 0x000000008a300000, 0x000000008a400000|  0%| F|  |TAMS 0x000000008a300000| PB 0x000000008a300000| Untracked 
|  12|0x000000008a400000, 0x000000008a400000, 0x000000008a500000|  0%| F|  |TAMS 0x000000008a400000| PB 0x000000008a400000| Untracked 
|  13|0x000000008a500000, 0x000000008a500000, 0x000000008a600000|  0%| F|  |TAMS 0x000000008a500000| PB 0x000000008a500000| Untracked 
|  14|0x000000008a600000, 0x000000008a600000, 0x000000008a700000|  0%| F|  |TAMS 0x000000008a600000| PB 0x000000008a600000| Untracked 
|  15|0x000000008a700000, 0x000000008a700000, 0x000000008a800000|  0%| F|  |TAMS 0x000000008a700000| PB 0x000000008a700000| Untracked 
|  16|0x000000008a800000, 0x000000008a800000, 0x000000008a900000|  0%| F|  |TAMS 0x000000008a800000| PB 0x000000008a800000| Untracked 
|  17|0x000000008a900000, 0x000000008a900000, 0x000000008aa00000|  0%| F|  |TAMS 0x000000008a900000| PB 0x000000008a900000| Untracked 
|  18|0x000000008aa00000, 0x000000008aa00000, 0x000000008ab00000|  0%| F|  |TAMS 0x000000008aa00000| PB 0x000000008aa00000| Untracked 
|  19|0x000000008ab00000, 0x000000008ab00000, 0x000000008ac00000|  0%| F|  |TAMS 0x000000008ab00000| PB 0x000000008ab00000| Untracked 
|  20|0x000000008ac00000, 0x000000008ac00000, 0x000000008ad00000|  0%| F|  |TAMS 0x000000008ac00000| PB 0x000000008ac00000| Untracked 
|  21|0x000000008ad00000, 0x000000008ad00000, 0x000000008ae00000|  0%| F|  |TAMS 0x000000008ad00000| PB 0x000000008ad00000| Untracked 
|  22|0x000000008ae00000, 0x000000008ae00000, 0x000000008af00000|  0%| F|  |TAMS 0x000000008ae00000| PB 0x000000008ae00000| Untracked 
|  23|0x000000008af00000, 0x000000008af00000, 0x000000008b000000|  0%| F|  |TAMS 0x000000008af00000| PB 0x000000008af00000| Untracked 
|  24|0x000000008b000000, 0x000000008b000000, 0x000000008b100000|  0%| F|  |TAMS 0x000000008b000000| PB 0x000000008b000000| Untracked 
|  25|0x000000008b100000, 0x000000008b100000, 0x000000008b200000|  0%| F|  |TAMS 0x000000008b100000| PB 0x000000008b100000| Untracked 
|  26|0x000000008b200000, 0x000000008b200000, 0x000000008b300000|  0%| F|  |TAMS 0x000000008b200000| PB 0x000000008b200000| Untracked 
|  27|0x000000008b300000, 0x000000008b300000, 0x000000008b400000|  0%| F|  |TAMS 0x000000008b300000| PB 0x000000008b300000| Untracked 
|  28|0x000000008b400000, 0x000000008b400000, 0x000000008b500000|  0%| F|  |TAMS 0x000000008b400000| PB 0x000000008b400000| Untracked 
|  29|0x000000008b500000, 0x000000008b500000, 0x000000008b600000|  0%| F|  |TAMS 0x000000008b500000| PB 0x000000008b500000| Untracked 
|  30|0x000000008b600000, 0x000000008b600000, 0x000000008b700000|  0%| F|  |TAMS 0x000000008b600000| PB 0x000000008b600000| Untracked 
|  31|0x000000008b700000, 0x000000008b700000, 0x000000008b800000|  0%| F|  |TAMS 0x000000008b700000| PB 0x000000008b700000| Untracked 
|  32|0x000000008b800000, 0x000000008b800000, 0x000000008b900000|  0%| F|  |TAMS 0x000000008b800000| PB 0x000000008b800000| Untracked 
|  33|0x000000008b900000, 0x000000008b900000, 0x000000008ba00000|  0%| F|  |TAMS 0x000000008b900000| PB 0x000000008b900000| Untracked 
|  34|0x000000008ba00000, 0x000000008ba00000, 0x000000008bb00000|  0%| F|  |TAMS 0x000000008ba00000| PB 0x000000008ba00000| Untracked 
|  35|0x000000008bb00000, 0x000000008bb00000, 0x000000008bc00000|  0%| F|  |TAMS 0x000000008bb00000| PB 0x000000008bb00000| Untracked 
|  36|0x000000008bc00000, 0x000000008bc00000, 0x000000008bd00000|  0%| F|  |TAMS 0x000000008bc00000| PB 0x000000008bc00000| Untracked 
|  37|0x000000008bd00000, 0x000000008bd00000, 0x000000008be00000|  0%| F|  |TAMS 0x000000008bd00000| PB 0x000000008bd00000| Untracked 
|  38|0x000000008be00000, 0x000000008be00000, 0x000000008bf00000|  0%| F|  |TAMS 0x000000008be00000| PB 0x000000008be00000| Untracked 
|  39|0x000000008bf00000, 0x000000008bf00000, 0x000000008c000000|  0%| F|  |TAMS 0x000000008bf00000| PB 0x000000008bf00000| Untracked 
|  40|0x000000008c000000, 0x000000008c000000, 0x000000008c100000|  0%| F|  |TAMS 0x000000008c000000| PB 0x000000008c000000| Untracked 
|  41|0x000000008c100000, 0x000000008c100000, 0x000000008c200000|  0%| F|  |TAMS 0x000000008c100000| PB 0x000000008c100000| Untracked 
|  42|0x000000008c200000, 0x000000008c200000, 0x000000008c300000|  0%| F|  |TAMS 0x000000008c200000| PB 0x000000008c200000| Untracked 
|  43|0x000000008c300000, 0x000000008c300000, 0x000000008c400000|  0%| F|  |TAMS 0x000000008c300000| PB 0x000000008c300000| Untracked 
|  44|0x000000008c400000, 0x000000008c400000, 0x000000008c500000|  0%| F|  |TAMS 0x000000008c400000| PB 0x000000008c400000| Untracked 
|  45|0x000000008c500000, 0x000000008c500000, 0x000000008c600000|  0%| F|  |TAMS 0x000000008c500000| PB 0x000000008c500000| Untracked 
|  46|0x000000008c600000, 0x000000008c600000, 0x000000008c700000|  0%| F|  |TAMS 0x000000008c600000| PB 0x000000008c600000| Untracked 
|  47|0x000000008c700000, 0x000000008c700000, 0x000000008c800000|  0%| F|  |TAMS 0x000000008c700000| PB 0x000000008c700000| Untracked 
|  48|0x000000008c800000, 0x000000008c800000, 0x000000008c900000|  0%| F|  |TAMS 0x000000008c800000| PB 0x000000008c800000| Untracked 
|  49|0x000000008c900000, 0x000000008c900000, 0x000000008ca00000|  0%| F|  |TAMS 0x000000008c900000| PB 0x000000008c900000| Untracked 
|  50|0x000000008ca00000, 0x000000008ca00000, 0x000000008cb00000|  0%| F|  |TAMS 0x000000008ca00000| PB 0x000000008ca00000| Untracked 
|  51|0x000000008cb00000, 0x000000008cb00000, 0x000000008cc00000|  0%| F|  |TAMS 0x000000008cb00000| PB 0x000000008cb00000| Untracked 
|  52|0x000000008cc00000, 0x000000008cc00000, 0x000000008cd00000|  0%| F|  |TAMS 0x000000008cc00000| PB 0x000000008cc00000| Untracked 
|  53|0x000000008cd00000, 0x000000008cd00000, 0x000000008ce00000|  0%| F|  |TAMS 0x000000008cd00000| PB 0x000000008cd00000| Untracked 
|  54|0x000000008ce00000, 0x000000008ce00000, 0x000000008cf00000|  0%| F|  |TAMS 0x000000008ce00000| PB 0x000000008ce00000| Untracked 
|  55|0x000000008cf00000, 0x000000008cf00000, 0x000000008d000000|  0%| F|  |TAMS 0x000000008cf00000| PB 0x000000008cf00000| Untracked 
|  56|0x000000008d000000, 0x000000008d000000, 0x000000008d100000|  0%| F|  |TAMS 0x000000008d000000| PB 0x000000008d000000| Untracked 
|  57|0x000000008d100000, 0x000000008d100000, 0x000000008d200000|  0%| F|  |TAMS 0x000000008d100000| PB 0x000000008d100000| Untracked 
|  58|0x000000008d200000, 0x000000008d200000, 0x000000008d300000|  0%| F|  |TAMS 0x000000008d200000| PB 0x000000008d200000| Untracked 
|  59|0x000000008d300000, 0x000000008d300000, 0x000000008d400000|  0%| F|  |TAMS 0x000000008d300000| PB 0x000000008d300000| Untracked 
|  60|0x000000008d400000, 0x000000008d400000, 0x000000008d500000|  0%| F|  |TAMS 0x000000008d400000| PB 0x000000008d400000| Untracked 
|  61|0x000000008d500000, 0x000000008d500000, 0x000000008d600000|  0%| F|  |TAMS 0x000000008d500000| PB 0x000000008d500000| Untracked 
|  62|0x000000008d600000, 0x000000008d600000, 0x000000008d700000|  0%| F|  |TAMS 0x000000008d600000| PB 0x000000008d600000| Untracked 
|  63|0x000000008d700000, 0x000000008d700000, 0x000000008d800000|  0%| F|  |TAMS 0x000000008d700000| PB 0x000000008d700000| Untracked 
|  64|0x000000008d800000, 0x000000008d800000, 0x000000008d900000|  0%| F|  |TAMS 0x000000008d800000| PB 0x000000008d800000| Untracked 
|  65|0x000000008d900000, 0x000000008d900000, 0x000000008da00000|  0%| F|  |TAMS 0x000000008d900000| PB 0x000000008d900000| Untracked 
|  66|0x000000008da00000, 0x000000008da00000, 0x000000008db00000|  0%| F|  |TAMS 0x000000008da00000| PB 0x000000008da00000| Untracked 
|  67|0x000000008db00000, 0x000000008db00000, 0x000000008dc00000|  0%| F|  |TAMS 0x000000008db00000| PB 0x000000008db00000| Untracked 
|  68|0x000000008dc00000, 0x000000008dc00000, 0x000000008dd00000|  0%| F|  |TAMS 0x000000008dc00000| PB 0x000000008dc00000| Untracked 
|  69|0x000000008dd00000, 0x000000008dd00000, 0x000000008de00000|  0%| F|  |TAMS 0x000000008dd00000| PB 0x000000008dd00000| Untracked 
|  70|0x000000008de00000, 0x000000008de00000, 0x000000008df00000|  0%| F|  |TAMS 0x000000008de00000| PB 0x000000008de00000| Untracked 
|  71|0x000000008df00000, 0x000000008df00000, 0x000000008e000000|  0%| F|  |TAMS 0x000000008df00000| PB 0x000000008df00000| Untracked 
|  72|0x000000008e000000, 0x000000008e000000, 0x000000008e100000|  0%| F|  |TAMS 0x000000008e000000| PB 0x000000008e000000| Untracked 
|  73|0x000000008e100000, 0x000000008e100000, 0x000000008e200000|  0%| F|  |TAMS 0x000000008e100000| PB 0x000000008e100000| Untracked 
|  74|0x000000008e200000, 0x000000008e200000, 0x000000008e300000|  0%| F|  |TAMS 0x000000008e200000| PB 0x000000008e200000| Untracked 
|  75|0x000000008e300000, 0x000000008e300000, 0x000000008e400000|  0%| F|  |TAMS 0x000000008e300000| PB 0x000000008e300000| Untracked 
|  76|0x000000008e400000, 0x000000008e400000, 0x000000008e500000|  0%| F|  |TAMS 0x000000008e400000| PB 0x000000008e400000| Untracked 
|  77|0x000000008e500000, 0x000000008e500000, 0x000000008e600000|  0%| F|  |TAMS 0x000000008e500000| PB 0x000000008e500000| Untracked 
|  78|0x000000008e600000, 0x000000008e600000, 0x000000008e700000|  0%| F|  |TAMS 0x000000008e600000| PB 0x000000008e600000| Untracked 
|  79|0x000000008e700000, 0x000000008e700000, 0x000000008e800000|  0%| F|  |TAMS 0x000000008e700000| PB 0x000000008e700000| Untracked 
|  80|0x000000008e800000, 0x000000008e800000, 0x000000008e900000|  0%| F|  |TAMS 0x000000008e800000| PB 0x000000008e800000| Untracked 
|  81|0x000000008e900000, 0x000000008e900000, 0x000000008ea00000|  0%| F|  |TAMS 0x000000008e900000| PB 0x000000008e900000| Untracked 
|  82|0x000000008ea00000, 0x000000008ea00000, 0x000000008eb00000|  0%| F|  |TAMS 0x000000008ea00000| PB 0x000000008ea00000| Untracked 
|  83|0x000000008eb00000, 0x000000008eb00000, 0x000000008ec00000|  0%| F|  |TAMS 0x000000008eb00000| PB 0x000000008eb00000| Untracked 
|  84|0x000000008ec00000, 0x000000008ec00000, 0x000000008ed00000|  0%| F|  |TAMS 0x000000008ec00000| PB 0x000000008ec00000| Untracked 
|  85|0x000000008ed00000, 0x000000008ed00000, 0x000000008ee00000|  0%| F|  |TAMS 0x000000008ed00000| PB 0x000000008ed00000| Untracked 
|  86|0x000000008ee00000, 0x000000008ee00000, 0x000000008ef00000|  0%| F|  |TAMS 0x000000008ee00000| PB 0x000000008ee00000| Untracked 
|  87|0x000000008ef00000, 0x000000008ef00000, 0x000000008f000000|  0%| F|  |TAMS 0x000000008ef00000| PB 0x000000008ef00000| Untracked 
|  88|0x000000008f000000, 0x000000008f000000, 0x000000008f100000|  0%| F|  |TAMS 0x000000008f000000| PB 0x000000008f000000| Untracked 
|  89|0x000000008f100000, 0x000000008f100000, 0x000000008f200000|  0%| F|  |TAMS 0x000000008f100000| PB 0x000000008f100000| Untracked 
|  90|0x000000008f200000, 0x000000008f200000, 0x000000008f300000|  0%| F|  |TAMS 0x000000008f200000| PB 0x000000008f200000| Untracked 
|  91|0x000000008f300000, 0x000000008f300000, 0x000000008f400000|  0%| F|  |TAMS 0x000000008f300000| PB 0x000000008f300000| Untracked 
|  92|0x000000008f400000, 0x000000008f400000, 0x000000008f500000|  0%| F|  |TAMS 0x000000008f400000| PB 0x000000008f400000| Untracked 
|  93|0x000000008f500000, 0x000000008f500000, 0x000000008f600000|  0%| F|  |TAMS 0x000000008f500000| PB 0x000000008f500000| Untracked 
|  94|0x000000008f600000, 0x000000008f600000, 0x000000008f700000|  0%| F|  |TAMS 0x000000008f600000| PB 0x000000008f600000| Untracked 
|  95|0x000000008f700000, 0x000000008f700000, 0x000000008f800000|  0%| F|  |TAMS 0x000000008f700000| PB 0x000000008f700000| Untracked 
|  96|0x000000008f800000, 0x000000008f800000, 0x000000008f900000|  0%| F|  |TAMS 0x000000008f800000| PB 0x000000008f800000| Untracked 
|  97|0x000000008f900000, 0x000000008f900000, 0x000000008fa00000|  0%| F|  |TAMS 0x000000008f900000| PB 0x000000008f900000| Untracked 
|  98|0x000000008fa00000, 0x000000008fa00000, 0x000000008fb00000|  0%| F|  |TAMS 0x000000008fa00000| PB 0x000000008fa00000| Untracked 
|  99|0x000000008fb00000, 0x000000008fb00000, 0x000000008fc00000|  0%| F|  |TAMS 0x000000008fb00000| PB 0x000000008fb00000| Untracked 
| 100|0x000000008fc00000, 0x000000008fc00000, 0x000000008fd00000|  0%| F|  |TAMS 0x000000008fc00000| PB 0x000000008fc00000| Untracked 
| 101|0x000000008fd00000, 0x000000008fd00000, 0x000000008fe00000|  0%| F|  |TAMS 0x000000008fd00000| PB 0x000000008fd00000| Untracked 
| 102|0x000000008fe00000, 0x000000008fe00000, 0x000000008ff00000|  0%| F|  |TAMS 0x000000008fe00000| PB 0x000000008fe00000| Untracked 
| 103|0x000000008ff00000, 0x000000008ff00000, 0x0000000090000000|  0%| F|  |TAMS 0x000000008ff00000| PB 0x000000008ff00000| Untracked 
| 104|0x0000000090000000, 0x0000000090000000, 0x0000000090100000|  0%| F|  |TAMS 0x0000000090000000| PB 0x0000000090000000| Untracked 
| 105|0x0000000090100000, 0x0000000090100000, 0x0000000090200000|  0%| F|  |TAMS 0x0000000090100000| PB 0x0000000090100000| Untracked 
| 106|0x0000000090200000, 0x0000000090200000, 0x0000000090300000|  0%| F|  |TAMS 0x0000000090200000| PB 0x0000000090200000| Untracked 
| 107|0x0000000090300000, 0x00000000903ece48, 0x0000000090400000| 92%| E|  |TAMS 0x0000000090300000| PB 0x0000000090300000| Complete 
| 108|0x0000000090400000, 0x0000000090500000, 0x0000000090500000|100%| E|CS|TAMS 0x0000000090400000| PB 0x0000000090400000| Complete 
| 109|0x0000000090500000, 0x0000000090600000, 0x0000000090600000|100%| E|CS|TAMS 0x0000000090500000| PB 0x0000000090500000| Complete 
| 110|0x0000000090600000, 0x0000000090700000, 0x0000000090700000|100%| E|CS|TAMS 0x0000000090600000| PB 0x0000000090600000| Complete 
| 111|0x0000000090700000, 0x0000000090800000, 0x0000000090800000|100%| E|CS|TAMS 0x0000000090700000| PB 0x0000000090700000| Complete 
| 112|0x0000000090800000, 0x0000000090900000, 0x0000000090900000|100%| E|CS|TAMS 0x0000000090800000| PB 0x0000000090800000| Complete 
| 113|0x0000000090900000, 0x0000000090a00000, 0x0000000090a00000|100%| E|CS|TAMS 0x0000000090900000| PB 0x0000000090900000| Complete 
| 114|0x0000000090a00000, 0x0000000090b00000, 0x0000000090b00000|100%| E|CS|TAMS 0x0000000090a00000| PB 0x0000000090a00000| Complete 
| 115|0x0000000090b00000, 0x0000000090c00000, 0x0000000090c00000|100%| E|CS|TAMS 0x0000000090b00000| PB 0x0000000090b00000| Complete 
| 116|0x0000000090c00000, 0x0000000090d00000, 0x0000000090d00000|100%| E|CS|TAMS 0x0000000090c00000| PB 0x0000000090c00000| Complete 
| 117|0x0000000090d00000, 0x0000000090e00000, 0x0000000090e00000|100%| E|CS|TAMS 0x0000000090d00000| PB 0x0000000090d00000| Complete 
| 118|0x0000000090e00000, 0x0000000090f00000, 0x0000000090f00000|100%| E|CS|TAMS 0x0000000090e00000| PB 0x0000000090e00000| Complete 
| 119|0x0000000090f00000, 0x0000000091000000, 0x0000000091000000|100%| E|CS|TAMS 0x0000000090f00000| PB 0x0000000090f00000| Complete 

Card table byte_map: [0x00000259bce50000,0x00000259bd210000] _byte_map_base: 0x00000259bca04000

Marking Bits: (CMBitMap*) 0x00000259a51292b0
 Bits: [0x00000259bd210000, 0x00000259befb0000)

Polling page: 0x00000259a3060000

Metaspace:

Usage:
  Non-class:      3.14 MB used.
      Class:    367.74 KB used.
       Both:      3.50 MB used.

Virtual space:
  Non-class space:       64.00 MB reserved,       3.19 MB (  5%) committed,  1 nodes.
      Class space:        1.00 GB reserved,     448.00 KB ( <1%) committed,  1 nodes.
             Both:        1.06 GB reserved,       3.62 MB ( <1%) committed. 

Chunk freelists:
   Non-Class:  10.36 MB
       Class:  15.50 MB
        Both:  25.86 MB

MaxMetaspaceSize: unlimited
CompressedClassSpaceSize: 1.00 GB
Initial GC threshold: 21.00 MB
Current GC threshold: 21.00 MB
CDS: on
 - commit_granule_bytes: 65536.
 - commit_granule_words: 8192.
 - virtual_space_node_default_size: 8388608.
 - enlarge_chunks_in_place: 1.
 - use_allocation_guard: 0.


Internal statistics:

num_allocs_failed_limit: 0.
num_arena_births: 38.
num_arena_deaths: 0.
num_vsnodes_births: 2.
num_vsnodes_deaths: 0.
num_space_committed: 59.
num_space_uncommitted: 0.
num_chunks_returned_to_freelist: 0.
num_chunks_taken_from_freelist: 133.
num_chunk_merges: 0.
num_chunk_splits: 84.
num_chunks_enlarged: 69.
num_inconsistent_stats: 0.

CodeHeap 'non-profiled nmethods': size=120000Kb used=267Kb max_used=267Kb free=119733Kb
 bounds [0x00000259b5010000, 0x00000259b5280000, 0x00000259bc540000]
CodeHeap 'profiled nmethods': size=120000Kb used=1602Kb max_used=1602Kb free=118397Kb
 bounds [0x00000259ad540000, 0x00000259ad7b0000, 0x00000259b4a70000]
CodeHeap 'non-nmethods': size=5760Kb used=1353Kb max_used=1370Kb free=4407Kb
 bounds [0x00000259b4a70000, 0x00000259b4ce0000, 0x00000259b5010000]
 total_blobs=1287 nmethods=828 adapters=364
 compilation: enabled
              stopped_count=0, restarted_count=0
 full_count=0

Compilation events (20 events):
Event: 0.887 Thread 0x00000259c1c2d260 nmethod 745 0x00000259b504a110 code [0x00000259b504a360, 0x00000259b504ac20]
Event: 0.887 Thread 0x00000259c1c2e110  772       3       java.util.TreeMap::navigableKeySet (27 bytes)
Event: 0.888 Thread 0x00000259c1c2d260  747   !   4       java.util.zip.ZipFile::getEntry (59 bytes)
Event: 0.888 Thread 0x00000259c1c2e110 nmethod 772 0x00000259ad6ab410 code [0x00000259ad6ab5e0, 0x00000259ad6ab9c8]
Event: 0.889 Thread 0x0000025a0727e680 nmethod 773 0x00000259b504b310 code [0x00000259b504b4a0, 0x00000259b504b580]
Event: 0.889 Thread 0x0000025a0727e680  762   !   4       jdk.internal.loader.URLClassPath$JarLoader::getResource (40 bytes)
Event: 0.890 Thread 0x00000259c1c2e110  774       3       org.codehaus.plexus.classworlds.realm.ClassRealm::findClass (9 bytes)
Event: 0.890 Thread 0x00000259c1c2e110 nmethod 774 0x00000259ad6abb10 code [0x00000259ad6abca0, 0x00000259ad6abe20]
Event: 0.890 Thread 0x00000259c1c2e110  775   !   3       org.codehaus.plexus.classworlds.realm.ClassRealm::loadClassFromImport (21 bytes)
Event: 0.890 Thread 0x00000259c1c2e110 nmethod 775 0x00000259ad6abf10 code [0x00000259ad6ac0e0, 0x00000259ad6ac438]
Event: 0.890 Thread 0x00000259c1c2e110  776   !   3       java.net.URLClassLoader::defineClass (224 bytes)
Event: 0.892 Thread 0x00000259c1c2e110 nmethod 776 0x00000259ad6ac590 code [0x00000259ad6ac9c0, 0x00000259ad6ae5d8]
Event: 0.893 Thread 0x0000025a0727e680 nmethod 762 0x00000259b504b690 code [0x00000259b504b860, 0x00000259b504bb00]
Event: 0.894 Thread 0x0000025a0727e680  732   !   4       java.util.jar.JarFile::checkForSpecialAttributes (163 bytes)
Event: 0.896 Thread 0x00000259c1c2e110  777       3       java.security.SecureClassLoader$CodeSourceKey::equals (60 bytes)
Event: 0.897 Thread 0x00000259c1c2e110 nmethod 777 0x00000259ad6aef90 code [0x00000259ad6af180, 0x00000259ad6af7e8]
Event: 0.897 Thread 0x00000259c1c2e110  778       3       java.security.CodeSource::matchCerts (254 bytes)
Event: 0.898 Thread 0x00000259c1c2e110 nmethod 778 0x00000259ad6af990 code [0x00000259ad6afc00, 0x00000259ad6b0740]
Event: 0.898 Thread 0x00000259c1c2e110  780   !   3       jdk.internal.loader.URLClassPath$JarLoader::checkResource (73 bytes)
Event: 0.899 Thread 0x00000259c1c2e110 nmethod 780 0x00000259ad6b0b10 code [0x00000259ad6b0d60, 0x00000259ad6b1670]

GC Heap History (0 events):
No events

Dll operation events (7 events):
Event: 0.037 Loaded shared library C:\Program Files\Java\jdk-21\bin\java.dll
Event: 0.123 Loaded shared library C:\Program Files\Java\jdk-21\bin\jsvml.dll
Event: 0.159 Loaded shared library C:\Program Files\Java\jdk-21\bin\net.dll
Event: 0.164 Loaded shared library C:\Program Files\Java\jdk-21\bin\nio.dll
Event: 0.172 Loaded shared library C:\Program Files\Java\jdk-21\bin\zip.dll
Event: 0.465 Loaded shared library C:\Program Files\Java\jdk-21\bin\jimage.dll
Event: 0.499 Loaded shared library C:\Users\JAGGA\AppData\Local\Temp\jansi-2.4.1-6a6330c8d7d718ab-jansi.dll

Deoptimization events (20 events):
Event: 0.397 Thread 0x00000259a2e98420 DEOPT PACKING pc=0x00000259ad58c4d5 sp=0x000000b0adef9e60
Event: 0.397 Thread 0x00000259a2e98420 DEOPT UNPACKING pc=0x00000259b4ac4e42 sp=0x000000b0adef92d0 mode 0
Event: 0.473 Thread 0x0000025a074f6920 Uncommon trap: trap_request=0xffffff45 fr.pc=0x00000259b501ea70 relative=0x0000000000000070
Event: 0.473 Thread 0x0000025a074f6920 Uncommon trap: reason=unstable_if action=reinterpret pc=0x00000259b501ea70 method=java.io.WinNTFileSystem.isSlash(C)Z @ 9 c2
Event: 0.473 Thread 0x0000025a074f6920 DEOPT PACKING pc=0x00000259b501ea70 sp=0x000000b0af0fedc0
Event: 0.473 Thread 0x0000025a074f6920 DEOPT UNPACKING pc=0x00000259b4ac46a2 sp=0x000000b0af0fed48 mode 2
Event: 0.710 Thread 0x00000259a2e98420 DEOPT PACKING pc=0x00000259ad569957 sp=0x000000b0adefbb50
Event: 0.710 Thread 0x00000259a2e98420 DEOPT UNPACKING pc=0x00000259b4ac4e42 sp=0x000000b0adefafa0 mode 0
Event: 0.817 Thread 0x00000259a2e98420 Uncommon trap: trap_request=0xffffff45 fr.pc=0x00000259b504366c relative=0x000000000000074c
Event: 0.817 Thread 0x00000259a2e98420 Uncommon trap: reason=unstable_if action=reinterpret pc=0x00000259b504366c method=java.util.regex.Matcher.search(I)Z @ 30 c2
Event: 0.817 Thread 0x00000259a2e98420 DEOPT PACKING pc=0x00000259b504366c sp=0x000000b0adefdaa0
Event: 0.817 Thread 0x00000259a2e98420 DEOPT UNPACKING pc=0x00000259b4ac46a2 sp=0x000000b0adefda80 mode 2
Event: 0.824 Thread 0x00000259a2e98420 Uncommon trap: trap_request=0xffffff45 fr.pc=0x00000259b501e434 relative=0x00000000000004d4
Event: 0.824 Thread 0x00000259a2e98420 Uncommon trap: reason=unstable_if action=reinterpret pc=0x00000259b501e434 method=java.lang.StringLatin1.canEncode(I)Z @ 4 c2
Event: 0.824 Thread 0x00000259a2e98420 DEOPT PACKING pc=0x00000259b501e434 sp=0x000000b0adefe0d0
Event: 0.824 Thread 0x00000259a2e98420 DEOPT UNPACKING pc=0x00000259b4ac46a2 sp=0x000000b0adefe008 mode 2
Event: 0.824 Thread 0x00000259a2e98420 Uncommon trap: trap_request=0xffffff45 fr.pc=0x00000259b502ec08 relative=0x00000000000004a8
Event: 0.824 Thread 0x00000259a2e98420 Uncommon trap: reason=unstable_if action=reinterpret pc=0x00000259b502ec08 method=java.lang.AbstractStringBuilder.isLatin1()Z @ 10 c2
Event: 0.824 Thread 0x00000259a2e98420 DEOPT PACKING pc=0x00000259b502ec08 sp=0x000000b0adefe0f0
Event: 0.824 Thread 0x00000259a2e98420 DEOPT UNPACKING pc=0x00000259b4ac46a2 sp=0x000000b0adefe080 mode 2

Classes loaded (20 events):
Event: 0.727 Loading class java/util/concurrent/locks/ReentrantReadWriteLock$ReadLock
Event: 0.727 Loading class java/util/concurrent/locks/ReentrantReadWriteLock$ReadLock done
Event: 0.727 Loading class java/util/concurrent/locks/ReentrantReadWriteLock$WriteLock
Event: 0.727 Loading class java/util/concurrent/locks/ReentrantReadWriteLock$WriteLock done
Event: 0.733 Loading class java/text/ParseException
Event: 0.733 Loading class java/text/ParseException done
Event: 0.762 Loading class sun/util/calendar/ZoneInfoFile$Checksum
Event: 0.763 Loading class sun/util/calendar/ZoneInfoFile$Checksum done
Event: 0.766 Loading class jdk/internal/module/ModulePatcher$PatchedModuleReader
Event: 0.767 Loading class jdk/internal/module/ModulePatcher$PatchedModuleReader done
Event: 0.767 Loading class sun/net/www/protocol/jrt/Handler
Event: 0.767 Loading class sun/net/www/protocol/jrt/Handler done
Event: 0.820 Loading class sun/text/resources/cldr/FormatData_en
Event: 0.821 Loading class sun/text/resources/cldr/FormatData_en done
Event: 0.821 Loading class sun/text/resources/cldr/FormatData_en_US
Event: 0.821 Loading class sun/text/resources/cldr/FormatData_en_US done
Event: 0.883 Loading class java/lang/NoSuchFieldError
Event: 0.884 Loading class java/lang/NoSuchFieldError done
Event: 0.885 Loading class java/io/FilterReader
Event: 0.886 Loading class java/io/FilterReader done

Classes unloaded (0 events):
No events

Classes redefined (0 events):
No events

Internal exceptions (18 events):
Event: 0.259 Thread 0x00000259a2e98420 Exception <a 'java/lang/NoSuchMethodError'{0x0000000090d09ba8}: 'int java.lang.invoke.DirectMethodHandle$Holder.invokeSpecial(java.lang.Object, java.lang.Object, java.lang.Object)'> (0x0000000090d09ba8) 
thrown [s\open\src\hotspot\share\interpreter\linkResolver.cpp, line 773]
Event: 0.433 Thread 0x00000259a2e98420 Exception <a 'java/lang/NoSuchMethodError'{0x0000000090b30cb0}: 'java.lang.Object java.lang.invoke.Invokers$Holder.invokeExact_MT(java.lang.Object, java.lang.Object, java.lang.Object, java.lang.Object, java.lang.Object)'> (0x0000000090b30cb0) 
thrown [s\open\src\hotspot\share\interpreter\linkResolver.cpp, line 773]
Event: 0.456 Thread 0x00000259a2e98420 Exception <a 'java/lang/NullPointerException'{0x0000000090b899e0}> (0x0000000090b899e0) 
thrown [s\open\src\hotspot\share\interpreter\linkResolver.cpp, line 1372]
Event: 0.479 Thread 0x00000259a2e98420 Exception <a 'sun/nio/fs/WindowsException'{0x0000000090bb1cd0}> (0x0000000090bb1cd0) 
thrown [s\open\src\hotspot\share\prims\jni.cpp, line 520]
Event: 0.502 Thread 0x00000259a2e98420 Exception <a 'java/lang/NullPointerException'{0x0000000090bc4338}> (0x0000000090bc4338) 
thrown [s\open\src\hotspot\share\interpreter\linkResolver.cpp, line 1372]
Event: 0.502 Thread 0x00000259a2e98420 Exception <a 'java/lang/NullPointerException'{0x0000000090bc4618}> (0x0000000090bc4618) 
thrown [s\open\src\hotspot\share\interpreter\linkResolver.cpp, line 1372]
Event: 0.502 Thread 0x00000259a2e98420 Exception <a 'java/lang/NullPointerException'{0x0000000090bc48f8}> (0x0000000090bc48f8) 
thrown [s\open\src\hotspot\share\interpreter\linkResolver.cpp, line 1372]
Event: 0.504 Thread 0x00000259a2e98420 Exception <a 'java/lang/NullPointerException'{0x0000000090bc9b70}> (0x0000000090bc9b70) 
thrown [s\open\src\hotspot\share\interpreter\linkResolver.cpp, line 1372]
Event: 0.508 Thread 0x00000259a2e98420 Exception <a 'java/lang/NullPointerException'{0x0000000090bdcb18}> (0x0000000090bdcb18) 
thrown [s\open\src\hotspot\share\interpreter\linkResolver.cpp, line 1372]
Event: 0.508 Thread 0x00000259a2e98420 Exception <a 'java/lang/NullPointerException'{0x0000000090bdcdf8}> (0x0000000090bdcdf8) 
thrown [s\open\src\hotspot\share\interpreter\linkResolver.cpp, line 1372]
Event: 0.508 Thread 0x00000259a2e98420 Exception <a 'java/lang/NullPointerException'{0x0000000090bdd0d8}> (0x0000000090bdd0d8) 
thrown [s\open\src\hotspot\share\interpreter\linkResolver.cpp, line 1372]
Event: 0.508 Thread 0x00000259a2e98420 Exception <a 'java/lang/NullPointerException'{0x0000000090bdd3b8}> (0x0000000090bdd3b8) 
thrown [s\open\src\hotspot\share\interpreter\linkResolver.cpp, line 1372]
Event: 0.542 Thread 0x00000259a2e98420 Exception <a 'java/lang/NoSuchMethodError'{0x0000000090ae3e88}: 'void java.lang.invoke.DirectMethodHandle$Holder.invokeStatic(java.lang.Object, java.lang.Object)'> (0x0000000090ae3e88) 
thrown [s\open\src\hotspot\share\interpreter\linkResolver.cpp, line 773]
Event: 0.543 Thread 0x00000259a2e98420 Exception <a 'java/lang/NoSuchMethodError'{0x0000000090ae7258}: 'void java.lang.invoke.DirectMethodHandle$Holder.invokeStaticInit(java.lang.Object, java.lang.Object)'> (0x0000000090ae7258) 
thrown [s\open\src\hotspot\share\interpreter\linkResolver.cpp, line 773]
Event: 0.568 Thread 0x00000259a2e98420 Exception <a 'java/lang/NoSuchMethodError'{0x000000009092d7f8}: 'void java.lang.invoke.DirectMethodHandle$Holder.invokeStatic(java.lang.Object, java.lang.Object, java.lang.Object)'> (0x000000009092d7f8) 
thrown [s\open\src\hotspot\share\interpreter\linkResolver.cpp, line 773]
Event: 0.637 Thread 0x00000259a2e98420 Exception <a 'java/lang/NullPointerException'{0x0000000090802820}> (0x0000000090802820) 
thrown [s\open\src\hotspot\share\interpreter\linkResolver.cpp, line 1372]
Event: 0.638 Thread 0x00000259a2e98420 Exception <a 'java/lang/NullPointerException'{0x0000000090809078}> (0x0000000090809078) 
thrown [s\open\src\hotspot\share\interpreter\linkResolver.cpp, line 1372]
Event: 0.693 Thread 0x00000259a2e98420 Exception <a 'java/lang/NoSuchMethodError'{0x00000000908e2870}: 'java.lang.Object java.lang.invoke.DirectMethodHandle$Holder.invokeSpecialIFC(java.lang.Object, java.lang.Object, java.lang.Object, java.lang.Object)'> (0x00000000908e2870) 
thrown [s\open\src\hotspot\share\interpreter\linkResolver.cpp, line 773]

ZGC Phase Switch (0 events):
No events

VM Operations (6 events):
Event: 0.173 Executing VM operation: HandshakeAllThreads (Deoptimize)
Event: 0.174 Executing VM operation: HandshakeAllThreads (Deoptimize) done
Event: 0.454 Executing VM operation: HandshakeAllThreads (Deoptimize)
Event: 0.454 Executing VM operation: HandshakeAllThreads (Deoptimize) done
Event: 0.473 Executing VM operation: HandshakeAllThreads (Deoptimize)
Event: 0.473 Executing VM operation: HandshakeAllThreads (Deoptimize) done

Events (14 events):
Event: 0.080 Thread 0x00000259a2e98420 Thread added: 0x00000259a2e98420
Event: 0.115 Thread 0x00000259c1c13270 Thread added: 0x00000259c1c13270
Event: 0.115 Thread 0x00000259c1c14470 Thread added: 0x00000259c1c14470
Event: 0.116 Thread 0x00000259c1c1c1f0 Thread added: 0x00000259c1c1c1f0
Event: 0.116 Thread 0x00000259c1c1cc50 Thread added: 0x00000259c1c1cc50
Event: 0.116 Thread 0x00000259c1c1e260 Thread added: 0x00000259c1c1e260
Event: 0.116 Thread 0x00000259c1c1f590 Thread added: 0x00000259c1c1f590
Event: 0.117 Thread 0x00000259c1c2d260 Thread added: 0x00000259c1c2d260
Event: 0.117 Thread 0x00000259c1c2e110 Thread added: 0x00000259c1c2e110
Event: 0.147 Thread 0x0000025a0710c730 Thread added: 0x0000025a0710c730
Event: 0.152 Thread 0x0000025a0710cf60 Thread added: 0x0000025a0710cf60
Event: 0.462 Thread 0x0000025a074f6920 Thread added: 0x0000025a074f6920
Event: 0.483 Thread 0x0000025a074f6920 Thread exited: 0x0000025a074f6920
Event: 0.887 Thread 0x0000025a0727e680 Thread added: 0x0000025a0727e680


Dynamic libraries:
0x00007ff7ae170000 - 0x00007ff7ae180000 	C:\Program Files\Java\jdk-21\bin\javaw.exe
0x00007ffc2e290000 - 0x00007ffc2e4a7000 	C:\WINDOWS\SYSTEM32\ntdll.dll
0x00007ffc2ca10000 - 0x00007ffc2cad4000 	C:\WINDOWS\System32\KERNEL32.DLL
0x00007ffc2b730000 - 0x00007ffc2badd000 	C:\WINDOWS\System32\KERNELBASE.dll
0x00007ffc23950000 - 0x00007ffc239e7000 	C:\WINDOWS\SYSTEM32\apphelp.dll
0x00007ffc2bae0000 - 0x00007ffc2bbf1000 	C:\WINDOWS\System32\ucrtbase.dll
0x00007ffc1c8f0000 - 0x00007ffc1c909000 	C:\Program Files\Java\jdk-21\bin\jli.dll
0x00007ffc2c7d0000 - 0x00007ffc2c882000 	C:\WINDOWS\System32\ADVAPI32.dll
0x00007ffc2c640000 - 0x00007ffc2c6e7000 	C:\WINDOWS\System32\msvcrt.dll
0x00007ffc2ddd0000 - 0x00007ffc2de79000 	C:\WINDOWS\System32\sechost.dll
0x00007ffc2b5b0000 - 0x00007ffc2b5d8000 	C:\WINDOWS\System32\bcrypt.dll
0x00007ffc2c8f0000 - 0x00007ffc2ca04000 	C:\WINDOWS\System32\RPCRT4.dll
0x00007ffc2d9e0000 - 0x00007ffc2db8e000 	C:\WINDOWS\System32\USER32.dll
0x00007ffc1c8b0000 - 0x00007ffc1c8cb000 	C:\Program Files\Java\jdk-21\bin\VCRUNTIME140.dll
0x00007ffc2b700000 - 0x00007ffc2b726000 	C:\WINDOWS\System32\win32u.dll
0x00007ffc21530000 - 0x00007ffc217c3000 	C:\WINDOWS\WinSxS\amd64_microsoft.windows.common-controls_6595b64144ccf1df_6.0.22621.3672_none_2713b9d173822955\COMCTL32.dll
0x00007ffc2e210000 - 0x00007ffc2e239000 	C:\WINDOWS\System32\GDI32.dll
0x00007ffc2b5e0000 - 0x00007ffc2b6f9000 	C:\WINDOWS\System32\gdi32full.dll
0x00007ffc2bde0000 - 0x00007ffc2be7a000 	C:\WINDOWS\System32\msvcp_win.dll
0x00007ffc20e80000 - 0x00007ffc20e8a000 	C:\WINDOWS\SYSTEM32\VERSION.dll
0x00007ffc2d4b0000 - 0x00007ffc2d4e1000 	C:\WINDOWS\System32\IMM32.DLL
0x00007ffc1ccf0000 - 0x00007ffc1ccfc000 	C:\Program Files\Java\jdk-21\bin\vcruntime140_1.dll
0x00007ffbd5db0000 - 0x00007ffbd5e3e000 	C:\Program Files\Java\jdk-21\bin\msvcp140.dll
0x00007ffb74ae0000 - 0x00007ffb757f3000 	C:\Program Files\Java\jdk-21\bin\server\jvm.dll
0x00007ffc2dc50000 - 0x00007ffc2dcc1000 	C:\WINDOWS\System32\WS2_32.dll
0x00007ffc2a420000 - 0x00007ffc2a46d000 	C:\WINDOWS\SYSTEM32\POWRPROF.dll
0x00007ffc25550000 - 0x00007ffc25584000 	C:\WINDOWS\SYSTEM32\WINMM.dll
0x00007ffc2a400000 - 0x00007ffc2a413000 	C:\WINDOWS\SYSTEM32\UMPDC.dll
0x00007ffc2a6c0000 - 0x00007ffc2a6d8000 	C:\WINDOWS\SYSTEM32\kernel.appcore.dll
0x00007ffc1c8d0000 - 0x00007ffc1c8da000 	C:\Program Files\Java\jdk-21\bin\jimage.dll
0x00007ffc28f10000 - 0x00007ffc29142000 	C:\WINDOWS\SYSTEM32\DBGHELP.DLL
0x00007ffc2d580000 - 0x00007ffc2d90e000 	C:\WINDOWS\System32\combase.dll
0x00007ffc2c6f0000 - 0x00007ffc2c7c7000 	C:\WINDOWS\System32\OLEAUT32.dll
0x00007ffc1d440000 - 0x00007ffc1d472000 	C:\WINDOWS\SYSTEM32\dbgcore.DLL
0x00007ffc2bf40000 - 0x00007ffc2bfbb000 	C:\WINDOWS\System32\bcryptPrimitives.dll
0x00007ffc1c890000 - 0x00007ffc1c8af000 	C:\Program Files\Java\jdk-21\bin\java.dll
0x00007ffc2cae0000 - 0x00007ffc2d347000 	C:\WINDOWS\System32\SHELL32.dll
0x00007ffc294f0000 - 0x00007ffc29def000 	C:\WINDOWS\SYSTEM32\windows.storage.dll
0x00007ffc293b0000 - 0x00007ffc294ef000 	C:\WINDOWS\SYSTEM32\wintypes.dll
0x00007ffc2c490000 - 0x00007ffc2c589000 	C:\WINDOWS\System32\SHCORE.dll
0x00007ffc2d980000 - 0x00007ffc2d9de000 	C:\WINDOWS\System32\shlwapi.dll
0x00007ffc2b4e0000 - 0x00007ffc2b507000 	C:\WINDOWS\SYSTEM32\profapi.dll
0x00007ffbf00a0000 - 0x00007ffbf0177000 	C:\Program Files\Java\jdk-21\bin\jsvml.dll
0x00007ffc1c8e0000 - 0x00007ffc1c8f0000 	C:\Program Files\Java\jdk-21\bin\net.dll
0x00007ffc26d80000 - 0x00007ffc26eb6000 	C:\WINDOWS\SYSTEM32\WINHTTP.dll
0x00007ffc2ab40000 - 0x00007ffc2aba9000 	C:\WINDOWS\system32\mswsock.dll
0x00007ffc1a2b0000 - 0x00007ffc1a2c6000 	C:\Program Files\Java\jdk-21\bin\nio.dll
0x00007ffc15350000 - 0x00007ffc15368000 	C:\Program Files\Java\jdk-21\bin\zip.dll
0x00007ffc0dcf0000 - 0x00007ffc0dd14000 	C:\Users\JAGGA\AppData\Local\Temp\jansi-2.4.1-6a6330c8d7d718ab-jansi.dll

dbghelp: loaded successfully - version: 4.0.5 - missing functions: none
symbol engine: initialized successfully - sym options: 0x614 - pdb path: .;C:\Program Files\Java\jdk-21\bin;C:\WINDOWS\SYSTEM32;C:\WINDOWS\WinSxS\amd64_microsoft.windows.common-controls_6595b64144ccf1df_6.0.22621.3672_none_2713b9d173822955;C:\Program Files\Java\jdk-21\bin\server;C:\Users\JAGGA\AppData\Local\Temp

VM Arguments:
jvm_args: -Dmaven.home=EMBEDDED -Dclassworlds.conf=C:\Users\JAGGA\eclipse-workspace\.metadata\.plugins\org.eclipse.m2e.launching\launches\m2conf7866751941593235281.tmp -Dmaven.multiModuleProjectDirectory=C:\Users\JAGGA\Desktop\Projects\Intergalaxy\Intergalaxy -Dm2e.build.project.data.socket.port=51953 -Dfile.encoding=UTF-8 -Dstdout.encoding=UTF-8 -Dstderr.encoding=UTF-8 -XX:+ShowCodeDetailsInExceptionMessages 
java_command: org.codehaus.plexus.classworlds.launcher.Launcher -B -Dmaven.test.skip=true -DskipTests -Dstyle.color=always clean package install
java_class_path (initial): C:\Users\JAGGA\.p2\pool\plugins\org.eclipse.m2e.maven.runtime_3.9.900.20240824-1409\jars\plexus-classworlds-2.8.0.jar
Launcher Type: SUN_STANDARD

[Global flags]
     intx CICompilerCount                          = 4                                         {product} {ergonomic}
     uint ConcGCThreads                            = 3                                         {product} {ergonomic}
     uint G1ConcRefinementThreads                  = 10                                        {product} {ergonomic}
   size_t G1HeapRegionSize                         = 1048576                                   {product} {ergonomic}
    uintx GCDrainStackTargetSize                   = 64                                        {product} {ergonomic}
   size_t InitialHeapSize                          = 125829120                                 {product} {ergonomic}
   size_t MarkStackSize                            = 4194304                                   {product} {ergonomic}
   size_t MaxHeapSize                              = 1988100096                                {product} {ergonomic}
   size_t MaxNewSize                               = 1192230912                                {product} {ergonomic}
   size_t MinHeapDeltaBytes                        = 1048576                                   {product} {ergonomic}
   size_t MinHeapSize                              = 8388608                                   {product} {ergonomic}
    uintx NonNMethodCodeHeapSize                   = 5839372                                {pd product} {ergonomic}
    uintx NonProfiledCodeHeapSize                  = 122909434                              {pd product} {ergonomic}
    uintx ProfiledCodeHeapSize                     = 122909434                              {pd product} {ergonomic}
    uintx ReservedCodeCacheSize                    = 251658240                              {pd product} {ergonomic}
     bool SegmentedCodeCache                       = true                                      {product} {ergonomic}
     bool ShowCodeDetailsInExceptionMessages       = true                                   {manageable} {command line}
   size_t SoftMaxHeapSize                          = 1988100096                             {manageable} {ergonomic}
     bool UseCompressedOops                        = true                           {product lp64_product} {ergonomic}
     bool UseG1GC                                  = true                                      {product} {ergonomic}
     bool UseLargePagesIndividualAllocation        = false                                  {pd product} {ergonomic}

Logging:
Log output configuration:
 #0: stdout all=warning uptime,level,tags foldmultilines=false
 #1: stderr all=off uptime,level,tags foldmultilines=false

Environment Variables:
JAVA_HOME=C:\Program Files\Java\jdk1.8.0_202\bin
PATH=C:/Program Files/Java/jdk-21/bin/server;C:/Program Files/Java/jdk-21/bin;C:/Users/JAGGA/AppData/Local/Temp/eoi55EB.tmp//plugins/org.eclipse.justj.openjdk.hotspot.jre.minimal.stripped.win32.x86_64_17.0.12.v20240802-1518/jre/bin/server;C:/Users/JAGGA/AppData/Local/Temp/eoi55EB.tmp//plugins/org.eclipse.justj.openjdk.hotspot.jre.minimal.stripped.win32.x86_64_17.0.12.v20240802-1518/jre/bin;C:\Program Files\Common Files\Oracle\Java\javapath;C:\Program Files (x86)\Common Files\Oracle\Java\javapath;C:\WINDOWS\system32;C:\WINDOWS;C:\WINDOWS\System32\Wbem;C:\WINDOWS\System32\WindowsPowerShell\v1.0\;C:\WINDOWS\System32\OpenSSH\;C:\Program Files\Git\cmd;C:\Program Files\nodejs\;C:\Users\JAGGA\AppData\Local\Programs\Python\Launcher\;C:\Users\JAGGA\anaconda3;C:\Users\JAGGA\anaconda3\Library\mingw-w64\bin;C:\Users\JAGGA\anaconda3\Library\usr\bin;C:\Users\JAGGA\anaconda3\Library\bin;C:\Users\JAGGA\anaconda3\Scripts;C:\Program Files\MySQL\MySQL Shell 8.0\bin\;C:\Users\JAGGA\AppData\Local\Microsoft\WindowsApps;C:\New folder\Microsoft VS Code\bin;C:\Users\JAGGA\AppData\Roaming\npm;C:\Users\JAGGA\AppData\Local\Programs\Hyper\resources\bin;C:\Users\JAGGA\Downloads;;C:\Users\JAGGA\Downloads;
USERNAME=JAGGA
OS=Windows_NT
PROCESSOR_IDENTIFIER=AMD64 Family 25 Model 80 Stepping 0, AuthenticAMD
TMP=C:\Users\JAGGA\AppData\Local\Temp
TEMP=C:\Users\JAGGA\AppData\Local\Temp




Periodic native trim disabled

---------------  S Y S T E M  ---------------

OS:
 Windows 11 , 64 bit Build 22621 (10.0.22621.3958)
OS uptime: 10 days 23:39 hours
Hyper-V role detected

CPU: total 12 (initial active 12) (12 cores per cpu, 2 threads per core) family 25 model 80 stepping 0 microcode 0x0, cx8, cmov, fxsr, ht, mmx, 3dnowpref, sse, sse2, sse3, ssse3, sse4a, sse4.1, sse4.2, popcnt, lzcnt, tsc, tscinvbit, avx, avx2, aes, erms, clmul, bmi1, bmi2, adx, sha, fma, vzeroupper, clflush, clflushopt, hv, rdtscp, rdpid, fsrm, f16c, cet_ss
Processor Information for processor 0
  Max Mhz: 3301, Current Mhz: 1805, Mhz Limit: 3301
Processor Information for processor 1
  Max Mhz: 3301, Current Mhz: 1805, Mhz Limit: 3301
Processor Information for processor 2
  Max Mhz: 3301, Current Mhz: 1805, Mhz Limit: 3301
Processor Information for processor 3
  Max Mhz: 3301, Current Mhz: 1805, Mhz Limit: 3301
Processor Information for processor 4
  Max Mhz: 3301, Current Mhz: 1908, Mhz Limit: 3301
Processor Information for processor 5
  Max Mhz: 3301, Current Mhz: 1908, Mhz Limit: 3301
Processor Information for processor 6
  Max Mhz: 3301, Current Mhz: 1908, Mhz Limit: 3301
Processor Information for processor 7
  Max Mhz: 3301, Current Mhz: 1908, Mhz Limit: 3301
Processor Information for processor 8
  Max Mhz: 3301, Current Mhz: 1908, Mhz Limit: 3301
Processor Information for processor 9
  Max Mhz: 3301, Current Mhz: 1908, Mhz Limit: 3301
Processor Information for processor 10
  Max Mhz: 3301, Current Mhz: 1908, Mhz Limit: 3301
Processor Information for processor 11
  Max Mhz: 3301, Current Mhz: 1908, Mhz Limit: 3301

Memory: 4k page, system-wide physical 7583M (947M free)
TotalPageFile size 31135M (AvailPageFile size 2M)
current process WorkingSet (physical memory assigned to process): 65M, peak: 65M
current process commit charge ("private bytes"): 219M, peak: 219M

vm_info: Java HotSpot(TM) 64-Bit Server VM (21.0.4+8-LTS-274) for windows-amd64 JRE (21.0.4+8-LTS-274), built on 2024-06-05T05:23:33Z by "mach5one" with MS VC++ 17.6 (VS2022)

END.
